<?xml version="1.0" encoding="UTF-8"?>
<!-- Generated by org.testng.reporters.JUnitReportReporter -->
<testsuite hostname="DESKTOP-V9361ET" failures="0" tests="5" name="com.tutorialsninja.qa.testcases.Login" time="37.926" errors="0" timestamp="2023-02-28T02:56:22 IST" skipped="0">
  <testcase classname="com.tutorialsninja.qa.testcases.Login" name="verifyLoginWithValidCredentials" time="6.292"/>
  <system-out/>
  <testcase classname="com.tutorialsninja.qa.testcases.Login" name="verifyLogininWithInvalidCredentials" time="6.659"/>
  <system-out/>
  <testcase classname="com.tutorialsninja.qa.testcases.Login" name="verifyLoginWithInvalidEmailAndValidPassword" time="8.169"/>
  <system-out/>
  <testcase classname="com.tutorialsninja.qa.testcases.Login" name="verifyLoginWithvalidEmailAndInValidPassword" time="9.359"/>
  <system-out/>
  <testcase classname="com.tutorialsninja.qa.testcases.Login" name="verifyLoginWithoutProvidingCredentials" time="7.447"/>
  <system-out/>
</testsuite> <!-- com.tutorialsninja.qa.testcases.Login -->
